{
  "0 debug pnpm:scope": {
    "selected": 1
  },
  "1 info pnpm": {
    "err": {
      "name": "Error",
      "message": "not found: --add",
      "code": "ENOENT",
      "stack": "Error: not found: --add\n    at getNotFoundError (/home/eguneys/.config/yarn/global/node_modules/pnpm/dist/pnpm.cjs:21148:51)\n    at Function.whichSync [as sync] (/home/eguneys/.config/yarn/global/node_modules/pnpm/dist/pnpm.cjs:21225:13)\n    at getCommandAbsolutePathSync (/home/eguneys/.config/yarn/global/node_modules/pnpm/dist/pnpm.cjs:22903:44)\n    at default_1 (/home/eguneys/.config/yarn/global/node_modules/pnpm/dist/pnpm.cjs:22912:32)\n    at /home/eguneys/.config/yarn/global/node_modules/pnpm/dist/pnpm.cjs:184716:39"
    }
  },
  "2 error pnpm": {
    "code": "ERR_PNPM_RECURSIVE_EXEC_FIRST_FAIL",
    "prefix": "/home/eguneys/poker/ws-lihe",
    "err": {
      "name": "pnpm",
      "message": "not found: --add",
      "code": "ERR_PNPM_RECURSIVE_EXEC_FIRST_FAIL",
      "stack": "Error: not found: --add\n    at getNotFoundError (/home/eguneys/.config/yarn/global/node_modules/pnpm/dist/pnpm.cjs:21148:51)\n    at Function.whichSync [as sync] (/home/eguneys/.config/yarn/global/node_modules/pnpm/dist/pnpm.cjs:21225:13)\n    at getCommandAbsolutePathSync (/home/eguneys/.config/yarn/global/node_modules/pnpm/dist/pnpm.cjs:22903:44)\n    at default_1 (/home/eguneys/.config/yarn/global/node_modules/pnpm/dist/pnpm.cjs:22912:32)\n    at /home/eguneys/.config/yarn/global/node_modules/pnpm/dist/pnpm.cjs:184716:39"
    }
  }
}